<?xml version="1.0" encoding="UTF-8"?>
<!-- Generated by org.testng.reporters.JUnitXMLReporter -->
<testsuite ignored="0" hostname="LAPTOP-3ALU45A8" failures="0" tests="5" name="Default test" time="42.25" errors="0" timestamp="2024-04-05T15:27:36 IST">
  <testcase classname="Teachmint.TC_001" name="loginTest" time="6.386"/>
  <testcase classname="Teachmint.TC_001" name="selectAccountTest" time="11.277"/>
  <testcase classname="Teachmint.TC_001" name="adminstTest" time="0.151"/>
  <testcase classname="Teachmint.TC_001" name="certificateTest" time="12.002"/>
  <testcase classname="Teachmint.TC_001" name="enterDetailsValidateTest" time="9.732"/>
</testsuite> <!-- Default test -->
